<?xml version="1.0" encoding="UTF-8"?>
<testng-results ignored="0" total="0" passed="0" failed="0" skipped="0">
  <reporter-output>
  </reporter-output>
  <suite started-at="2022-07-21T15:21:03 GMT+08:00" name="com.zhang26.weshareserver.WeshareServerApplicationTest" finished-at="2022-07-21T15:21:03 GMT+08:00" duration-ms="28">
    <groups>
    </groups>
    <test started-at="2022-07-21T15:21:03 GMT+08:00" name="Command line test" finished-at="2022-07-21T15:21:03 GMT+08:00" duration-ms="28">
    </test> <!-- Command line test -->
  </suite> <!-- com.zhang26.weshareserver.WeshareServerApplicationTest -->
</testng-results>
